<?xml version="1.0" encoding="UTF-8"?>
<!-- Generated by org.testng.reporters.JUnitReportReporter -->
<testsuite skipped="0" hostname="DESKTOP-VD74DVK" name="com.api.testScript.FetchAllCountry" tests="1" failures="0" timestamp="20 Sep 2020 12:17:38 GMT" time="6.552" errors="0">
  <testcase name="getCountryDetails" time="6.552" classname="com.api.testScript.FetchAllCountry"/>
</testsuite> <!-- com.api.testScript.FetchAllCountry -->
